This is pdfTeX, Version 3.1415926-2.5-1.40.14 (MiKTeX 2.9) (preloaded format=pdflatex 2015.6.1)  11 AUG 2016 15:24
entering extended mode
**paper.tex
(C:\Users\emerson\OneDrive\git\Excel-Function-Visualizer\doc\paper.tex
LaTeX2e <2011/06/27>
Babel <v3.8m> and hyphenation patterns for english, afrikaans, ancientgreek, ar
abic, armenian, assamese, basque, bengali, bokmal, bulgarian, catalan, coptic, 
croatian, czech, danish, dutch, esperanto, estonian, farsi, finnish, french, ga
lician, german, german-x-2013-05-26, greek, gujarati, hindi, hungarian, iceland
ic, indonesian, interlingua, irish, italian, kannada, kurmanji, latin, latvian,
 lithuanian, malayalam, marathi, mongolian, mongolianlmc, monogreek, ngerman, n
german-x-2013-05-26, nynorsk, oriya, panjabi, pinyin, polish, portuguese, roman
ian, russian, sanskrit, serbian, slovak, slovenian, spanish, swedish, swissgerm
an, tamil, telugu, turkish, turkmen, ukenglish, ukrainian, uppersorbian, usengl
ishmax, welsh, loaded.
(C:\Users\emerson\AppData\Roaming\MiKTeX\2.9\tex\latex\ieeetran\IEEEtran.cls
Document Class: IEEEtran 2014/09/17 V1.8a by Michael Shell
-- See the "IEEEtran_HOWTO" manual for usage information.
-- http://www.michaelshell.org/tex/ieeetran/
\@IEEEtrantmpdimenA=\dimen102
\@IEEEtrantmpdimenB=\dimen103
\@IEEEtrantmpdimenC=\dimen104
\@IEEEtrantmpcountA=\count79
\@IEEEtrantmpcountB=\count80
\@IEEEtrantmpcountC=\count81
\@IEEEtrantmptoksA=\toks14
LaTeX Font Info:    Try loading font information for OT1+ptm on input line 458.

("C:\Program Files (x86)\MiKTeX 2.9\tex\latex\psnfss\ot1ptm.fd"
File: ot1ptm.fd 2001/06/04 font definitions for OT1/ptm.
)
-- Using 8.5in x 11in (letter) paper.
-- Using PDF output.
\@IEEEnormalsizeunitybaselineskip=\dimen105
-- This is a 10 point document.
\CLASSINFOnormalsizebaselineskip=\dimen106
\CLASSINFOnormalsizeunitybaselineskip=\dimen107
\IEEEnormaljot=\dimen108
LaTeX Font Info:    Font shape `OT1/ptm/bx/n' in size <5> not available
(Font)              Font shape `OT1/ptm/b/n' tried instead on input line 1039.
LaTeX Font Info:    Font shape `OT1/ptm/bx/it' in size <5> not available
(Font)              Font shape `OT1/ptm/b/it' tried instead on input line 1039.

LaTeX Font Info:    Font shape `OT1/ptm/bx/n' in size <7> not available
(Font)              Font shape `OT1/ptm/b/n' tried instead on input line 1039.
LaTeX Font Info:    Font shape `OT1/ptm/bx/it' in size <7> not available
(Font)              Font shape `OT1/ptm/b/it' tried instead on input line 1039.

LaTeX Font Info:    Font shape `OT1/ptm/bx/n' in size <8> not available
(Font)              Font shape `OT1/ptm/b/n' tried instead on input line 1039.
LaTeX Font Info:    Font shape `OT1/ptm/bx/it' in size <8> not available
(Font)              Font shape `OT1/ptm/b/it' tried instead on input line 1039.

LaTeX Font Info:    Font shape `OT1/ptm/bx/n' in size <9> not available
(Font)              Font shape `OT1/ptm/b/n' tried instead on input line 1039.
LaTeX Font Info:    Font shape `OT1/ptm/bx/it' in size <9> not available
(Font)              Font shape `OT1/ptm/b/it' tried instead on input line 1039.

LaTeX Font Info:    Font shape `OT1/ptm/bx/n' in size <10> not available
(Font)              Font shape `OT1/ptm/b/n' tried instead on input line 1039.
LaTeX Font Info:    Font shape `OT1/ptm/bx/it' in size <10> not available
(Font)              Font shape `OT1/ptm/b/it' tried instead on input line 1039.

LaTeX Font Info:    Font shape `OT1/ptm/bx/n' in size <11> not available
(Font)              Font shape `OT1/ptm/b/n' tried instead on input line 1039.
LaTeX Font Info:    Font shape `OT1/ptm/bx/it' in size <11> not available
(Font)              Font shape `OT1/ptm/b/it' tried instead on input line 1039.

LaTeX Font Info:    Font shape `OT1/ptm/bx/n' in size <12> not available
(Font)              Font shape `OT1/ptm/b/n' tried instead on input line 1039.
LaTeX Font Info:    Font shape `OT1/ptm/bx/it' in size <12> not available
(Font)              Font shape `OT1/ptm/b/it' tried instead on input line 1039.

LaTeX Font Info:    Font shape `OT1/ptm/bx/n' in size <17> not available
(Font)              Font shape `OT1/ptm/b/n' tried instead on input line 1039.
LaTeX Font Info:    Font shape `OT1/ptm/bx/it' in size <17> not available
(Font)              Font shape `OT1/ptm/b/it' tried instead on input line 1039.

LaTeX Font Info:    Font shape `OT1/ptm/bx/n' in size <20> not available
(Font)              Font shape `OT1/ptm/b/n' tried instead on input line 1039.
LaTeX Font Info:    Font shape `OT1/ptm/bx/it' in size <20> not available
(Font)              Font shape `OT1/ptm/b/it' tried instead on input line 1039.

LaTeX Font Info:    Font shape `OT1/ptm/bx/n' in size <24> not available
(Font)              Font shape `OT1/ptm/b/n' tried instead on input line 1039.
LaTeX Font Info:    Font shape `OT1/ptm/bx/it' in size <24> not available
(Font)              Font shape `OT1/ptm/b/it' tried instead on input line 1039.

\IEEEquantizedlength=\dimen109
\IEEEquantizedlengthdiff=\dimen110
\IEEEquantizedtextheightdiff=\dimen111
\IEEEilabelindentA=\dimen112
\IEEEilabelindentB=\dimen113
\IEEEilabelindent=\dimen114
\IEEEelabelindent=\dimen115
\IEEEdlabelindent=\dimen116
\IEEElabelindent=\dimen117
\IEEEiednormlabelsep=\dimen118
\IEEEiedmathlabelsep=\dimen119
\IEEEiedtopsep=\skip41
\c@section=\count82
\c@subsection=\count83
\c@subsubsection=\count84
\c@paragraph=\count85
\c@IEEEsubequation=\count86
\abovecaptionskip=\skip42
\belowcaptionskip=\skip43
\c@figure=\count87
\c@table=\count88
\@IEEEeqnnumcols=\count89
\@IEEEeqncolcnt=\count90
\@IEEEsubeqnnumrollback=\count91
\@IEEEquantizeheightA=\dimen120
\@IEEEquantizeheightB=\dimen121
\@IEEEquantizeheightC=\dimen122
\@IEEEquantizeprevdepth=\dimen123
\@IEEEquantizemultiple=\count92
\@IEEEquantizeboxA=\box26
\@IEEEtmpitemindent=\dimen124
\c@IEEEbiography=\count93
\@IEEEtranrubishbin=\box27
) (C:\Users\emerson\AppData\Roaming\MiKTeX\2.9\tex\latex\cite\cite.sty
LaTeX Info: Redefining \cite on input line 302.
LaTeX Info: Redefining \nocite on input line 332.
Package: cite 2015/02/27  v 5.5
)
(C:\Users\emerson\AppData\Roaming\MiKTeX\2.9\tex\latex\subfigure\subfigure.sty
Package: subfigure 2002/07/30 v2.1.4 subfigure package
\subfigtopskip=\skip44
\subfigcapskip=\skip45
\subfigcaptopadj=\dimen125
\subfigbottomskip=\skip46
\subfigcapmargin=\dimen126
\subfiglabelskip=\skip47
\c@subfigure=\count94
\c@lofdepth=\count95
\c@subtable=\count96
\c@lotdepth=\count97

****************************************
* Local config file subfigure.cfg used *
****************************************
(C:\Users\emerson\AppData\Roaming\MiKTeX\2.9\tex\latex\subfigure\subfigure.cfg)
\subfig@top=\skip48
\subfig@bottom=\skip49
) ("C:\Program Files (x86)\MiKTeX 2.9\tex\latex\graphics\graphicx.sty"
Package: graphicx 1999/02/16 v1.0f Enhanced LaTeX Graphics (DPC,SPQR)

("C:\Program Files (x86)\MiKTeX 2.9\tex\latex\graphics\keyval.sty"
Package: keyval 1999/03/16 v1.13 key=value parser (DPC)
\KV@toks@=\toks15
)
("C:\Program Files (x86)\MiKTeX 2.9\tex\latex\graphics\graphics.sty"
Package: graphics 2009/02/05 v1.0o Standard LaTeX Graphics (DPC,SPQR)

("C:\Program Files (x86)\MiKTeX 2.9\tex\latex\graphics\trig.sty"
Package: trig 1999/03/16 v1.09 sin cos tan (DPC)
)
("C:\Program Files (x86)\MiKTeX 2.9\tex\latex\00miktex\graphics.cfg"
File: graphics.cfg 2007/01/18 v1.5 graphics configuration of teTeX/TeXLive
)
Package graphics Info: Driver file: pdftex.def on input line 91.

("C:\Program Files (x86)\MiKTeX 2.9\tex\latex\pdftex-def\pdftex.def"
File: pdftex.def 2011/05/27 v0.06d Graphics/color for pdfTeX

("C:\Program Files (x86)\MiKTeX 2.9\tex\generic\oberdiek\infwarerr.sty"
Package: infwarerr 2010/04/08 v1.3 Providing info/warning/error messages (HO)
)
("C:\Program Files (x86)\MiKTeX 2.9\tex\generic\oberdiek\ltxcmds.sty"
Package: ltxcmds 2011/11/09 v1.22 LaTeX kernel commands for general use (HO)
)
\Gread@gobject=\count98
))
\Gin@req@height=\dimen127
\Gin@req@width=\dimen128
)
(C:\Users\emerson\AppData\Roaming\MiKTeX\2.9\tex\latex\wrapfig\wrapfig.sty
\wrapoverhang=\dimen129
\WF@size=\dimen130
\c@WF@wrappedlines=\count99
\WF@box=\box28
\WF@everypar=\toks16
Package: wrapfig 2003/01/31  v 3.6
)
("C:\Program Files (x86)\MiKTeX 2.9\tex\latex\base\textcomp.sty"
Package: textcomp 2005/09/27 v1.99g Standard LaTeX package
Package textcomp Info: Sub-encoding information:
(textcomp)               5 = only ISO-Adobe without \textcurrency
(textcomp)               4 = 5 + \texteuro
(textcomp)               3 = 4 + \textohm
(textcomp)               2 = 3 + \textestimated + \textcurrency
(textcomp)               1 = TS1 - \textcircled - \t
(textcomp)               0 = TS1 (full)
(textcomp)             Font families with sub-encoding setting implement
(textcomp)             only a restricted character set as indicated.
(textcomp)             Family '?' is the default used for unknown fonts.
(textcomp)             See the documentation for details.
Package textcomp Info: Setting ? sub-encoding to TS1/1 on input line 71.

("C:\Program Files (x86)\MiKTeX 2.9\tex\latex\base\ts1enc.def"
File: ts1enc.def 2001/06/05 v3.0e (jk/car/fm) Standard LaTeX file
)
LaTeX Info: Redefining \oldstylenums on input line 266.
Package textcomp Info: Setting cmr sub-encoding to TS1/0 on input line 281.
Package textcomp Info: Setting cmss sub-encoding to TS1/0 on input line 282.
Package textcomp Info: Setting cmtt sub-encoding to TS1/0 on input line 283.
Package textcomp Info: Setting cmvtt sub-encoding to TS1/0 on input line 284.
Package textcomp Info: Setting cmbr sub-encoding to TS1/0 on input line 285.
Package textcomp Info: Setting cmtl sub-encoding to TS1/0 on input line 286.
Package textcomp Info: Setting ccr sub-encoding to TS1/0 on input line 287.
Package textcomp Info: Setting ptm sub-encoding to TS1/4 on input line 288.
Package textcomp Info: Setting pcr sub-encoding to TS1/4 on input line 289.
Package textcomp Info: Setting phv sub-encoding to TS1/4 on input line 290.
Package textcomp Info: Setting ppl sub-encoding to TS1/3 on input line 291.
Package textcomp Info: Setting pag sub-encoding to TS1/4 on input line 292.
Package textcomp Info: Setting pbk sub-encoding to TS1/4 on input line 293.
Package textcomp Info: Setting pnc sub-encoding to TS1/4 on input line 294.
Package textcomp Info: Setting pzc sub-encoding to TS1/4 on input line 295.
Package textcomp Info: Setting bch sub-encoding to TS1/4 on input line 296.
Package textcomp Info: Setting put sub-encoding to TS1/5 on input line 297.
Package textcomp Info: Setting uag sub-encoding to TS1/5 on input line 298.
Package textcomp Info: Setting ugq sub-encoding to TS1/5 on input line 299.
Package textcomp Info: Setting ul8 sub-encoding to TS1/4 on input line 300.
Package textcomp Info: Setting ul9 sub-encoding to TS1/4 on input line 301.
Package textcomp Info: Setting augie sub-encoding to TS1/5 on input line 302.
Package textcomp Info: Setting dayrom sub-encoding to TS1/3 on input line 303.
Package textcomp Info: Setting dayroms sub-encoding to TS1/3 on input line 304.

Package textcomp Info: Setting pxr sub-encoding to TS1/0 on input line 305.
Package textcomp Info: Setting pxss sub-encoding to TS1/0 on input line 306.
Package textcomp Info: Setting pxtt sub-encoding to TS1/0 on input line 307.
Package textcomp Info: Setting txr sub-encoding to TS1/0 on input line 308.
Package textcomp Info: Setting txss sub-encoding to TS1/0 on input line 309.
Package textcomp Info: Setting txtt sub-encoding to TS1/0 on input line 310.
Package textcomp Info: Setting lmr sub-encoding to TS1/0 on input line 311.
Package textcomp Info: Setting lmdh sub-encoding to TS1/0 on input line 312.
Package textcomp Info: Setting lmss sub-encoding to TS1/0 on input line 313.
Package textcomp Info: Setting lmssq sub-encoding to TS1/0 on input line 314.
Package textcomp Info: Setting lmvtt sub-encoding to TS1/0 on input line 315.
Package textcomp Info: Setting qhv sub-encoding to TS1/0 on input line 316.
Package textcomp Info: Setting qag sub-encoding to TS1/0 on input line 317.
Package textcomp Info: Setting qbk sub-encoding to TS1/0 on input line 318.
Package textcomp Info: Setting qcr sub-encoding to TS1/0 on input line 319.
Package textcomp Info: Setting qcs sub-encoding to TS1/0 on input line 320.
Package textcomp Info: Setting qpl sub-encoding to TS1/0 on input line 321.
Package textcomp Info: Setting qtm sub-encoding to TS1/0 on input line 322.
Package textcomp Info: Setting qzc sub-encoding to TS1/0 on input line 323.
Package textcomp Info: Setting qhvc sub-encoding to TS1/0 on input line 324.
Package textcomp Info: Setting futs sub-encoding to TS1/4 on input line 325.
Package textcomp Info: Setting futx sub-encoding to TS1/4 on input line 326.
Package textcomp Info: Setting futj sub-encoding to TS1/4 on input line 327.
Package textcomp Info: Setting hlh sub-encoding to TS1/3 on input line 328.
Package textcomp Info: Setting hls sub-encoding to TS1/3 on input line 329.
Package textcomp Info: Setting hlst sub-encoding to TS1/3 on input line 330.
Package textcomp Info: Setting hlct sub-encoding to TS1/5 on input line 331.
Package textcomp Info: Setting hlx sub-encoding to TS1/5 on input line 332.
Package textcomp Info: Setting hlce sub-encoding to TS1/5 on input line 333.
Package textcomp Info: Setting hlcn sub-encoding to TS1/5 on input line 334.
Package textcomp Info: Setting hlcw sub-encoding to TS1/5 on input line 335.
Package textcomp Info: Setting hlcf sub-encoding to TS1/5 on input line 336.
Package textcomp Info: Setting pplx sub-encoding to TS1/3 on input line 337.
Package textcomp Info: Setting pplj sub-encoding to TS1/3 on input line 338.
Package textcomp Info: Setting ptmx sub-encoding to TS1/4 on input line 339.
Package textcomp Info: Setting ptmj sub-encoding to TS1/4 on input line 340.
)
(C:\Users\emerson\OneDrive\git\Excel-Function-Visualizer\doc\paper.aux)
LaTeX Font Info:    Checking defaults for OML/cmm/m/it on input line 92.
LaTeX Font Info:    ... okay on input line 92.
LaTeX Font Info:    Checking defaults for T1/cmr/m/n on input line 92.
LaTeX Font Info:    ... okay on input line 92.
LaTeX Font Info:    Checking defaults for OT1/cmr/m/n on input line 92.
LaTeX Font Info:    ... okay on input line 92.
LaTeX Font Info:    Checking defaults for OMS/cmsy/m/n on input line 92.
LaTeX Font Info:    ... okay on input line 92.
LaTeX Font Info:    Checking defaults for OMX/cmex/m/n on input line 92.
LaTeX Font Info:    ... okay on input line 92.
LaTeX Font Info:    Checking defaults for U/cmr/m/n on input line 92.
LaTeX Font Info:    ... okay on input line 92.
LaTeX Font Info:    Checking defaults for TS1/cmr/m/n on input line 92.
LaTeX Font Info:    Try loading font information for TS1+cmr on input line 92.

("C:\Program Files (x86)\MiKTeX 2.9\tex\latex\base\ts1cmr.fd"
File: ts1cmr.fd 1999/05/25 v2.5h Standard LaTeX font definitions
)
LaTeX Font Info:    ... okay on input line 92.

-- Lines per column: 56 (exact).
(C:\Users\emerson\AppData\Roaming\MiKTeX\2.9\tex\context\base\supp-pdf.mkii
[Loading MPS to PDF converter (version 2006.09.02).]
\scratchcounter=\count100
\scratchdimen=\dimen131
\scratchbox=\box29
\nofMPsegments=\count101
\nofMParguments=\count102
\everyMPshowfont=\toks17
\MPscratchCnt=\count103
\MPscratchDim=\dimen132
\MPnumerator=\count104
\makeMPintoPDFobject=\count105
\everyMPtoPDFconversion=\toks18
)
LaTeX Font Info:    Try loading font information for OMS+ptm on input line 107.

 ("C:\Program Files (x86)\MiKTeX 2.9\tex\latex\psnfss\omsptm.fd"
File: omsptm.fd 
)
LaTeX Font Info:    Font shape `OMS/ptm/m/n' in size <10> not available
(Font)              Font shape `OMS/cmsy/m/n' tried instead on input line 107.
LaTeX Font Info:    External font `cmex10' loaded for size
(Font)              <7> on input line 142.
LaTeX Font Info:    External font `cmex10' loaded for size
(Font)              <5> on input line 142.
LaTeX Font Info:    External font `cmex10' loaded for size
(Font)              <8> on input line 142.
LaTeX Font Info:    External font `cmex10' loaded for size
(Font)              <6> on input line 142.
 [1{C:/Users/emerson/AppData/Local/MiKTeX/2.9/pdftex/config/pdftex.map}


] [2]
Underfull \hbox (badness 10000) in paragraph at lines 307--307
[][][][]\OT1/ptm/m/n/8 https://support.office.com/en-us/article/IF-function-69a
ed7c9-4e8a-4755-
 []

<pic/ifExample.png, id=13, 1151.05031pt x 365.86688pt>
File: pic/ifExample.png Graphic file (type png)
 <use pic/ifExample.png>
Package pdftex.def Info: pic/ifExample.png used on input line 309.
(pdftex.def)             Requested size: 1035.93571pt x 329.27715pt.

Overfull \hbox (783.93571pt too wide) in paragraph at lines 309--310
 [][][] 
 []

<pic/start.pdf, id=15, 48.44699pt x 24.98033pt>
File: pic/start.pdf Graphic file (type pdf)
 <use pic/start.pdf>
Package pdftex.def Info: pic/start.pdf used on input line 316.
(pdftex.def)             Requested size: 100.79846pt x 51.97536pt.


LaTeX Warning: `h' float specifier changed to `ht'.



pdfTeX warning: pdflatex.exe (file C:/Users/emerson/OneDrive/git/Excel-Function
-Visualizer/doc/pic/glossary-greenonly.pdf): PDF inclusion: found PDF version <
1.6>, but at most version <1.5> allowed
<pic/glossary-greenonly.pdf, id=16, 3.67473pt x 3.68477pt>
File: pic/glossary-greenonly.pdf Graphic file (type pdf)

<use pic/glossary-greenonly.pdf>
Package pdftex.def Info: pic/glossary-greenonly.pdf used on input line 320.
(pdftex.def)             Requested size: 3.6747pt x 3.68475pt.


pdfTeX warning: pdflatex.exe (file C:/Users/emerson/OneDrive/git/Excel-Function
-Visualizer/doc/pic/glossary-blue.pdf): PDF inclusion: found PDF version <1.6>,
 but at most version <1.5> allowed
<pic/glossary-blue.pdf, id=17, 9.27464pt x 9.25357pt>
File: pic/glossary-blue.pdf Graphic file (type pdf)

<use pic/glossary-blue.pdf>
Package pdftex.def Info: pic/glossary-blue.pdf used on input line 323.
(pdftex.def)             Requested size: 9.2746pt x 9.25352pt.


pdfTeX warning: pdflatex.exe (file C:/Users/emerson/OneDrive/git/Excel-Function
-Visualizer/doc/pic/glossary-arrow.pdf): PDF inclusion: found PDF version <1.6>
, but at most version <1.5> allowed
<pic/glossary-arrow.pdf, id=18, 7.55623pt x 7.33641pt>
File: pic/glossary-arrow.pdf Graphic file (type pdf)

<use pic/glossary-arrow.pdf>
Package pdftex.def Info: pic/glossary-arrow.pdf used on input line 332.
(pdftex.def)             Requested size: 7.5562pt x 7.33638pt.

<pic/IFexpand.pdf, id=19, 113.223pt x 141.25473pt>
File: pic/IFexpand.pdf Graphic file (type pdf)
 <use pic/IFexpand.pdf>
Package pdftex.def Info: pic/IFexpand.pdf used on input line 334.
(pdftex.def)             Requested size: 176.39923pt x 220.07841pt.


pdfTeX warning: pdflatex.exe (file C:/Users/emerson/OneDrive/git/Excel-Function
-Visualizer/doc/pic/IFargslabel.pdf): PDF inclusion: found PDF version <1.6>, b
ut at most version <1.5> allowed
<pic/IFargslabel.pdf, id=20, 222.6448pt x 169.85558pt>
File: pic/IFargslabel.pdf Graphic file (type pdf)

<use pic/IFargslabel.pdf>
Package pdftex.def Info: pic/IFargslabel.pdf used on input line 345.
(pdftex.def)             Requested size: 412.80157pt x 314.95097pt.
 [3 <C:/Users/emerson/OneDrive/git/Excel-Function-Visualizer/doc/pic/ifExample.
png> <C:/Users/emerson/OneDrive/git/Excel-Function-Visualizer/doc/pic/glossary-
greenonly.pdf> <C:/Users/emerson/OneDrive/git/Excel-Function-Visualizer/doc/pic
/glossary-blue.pdf> <C:/Users/emerson/OneDrive/git/Excel-Function-Visualizer/do
c/pic/start.pdf

pdfTeX warning: pdflatex.exe (file C:/Users/emerson/OneDrive/git/Excel-Function
-Visualizer/doc/pic/start.pdf): PDF inclusion: invalid other resource which is 
no dict (key 'ProcSets', type <array>); ignored.
> <C:/Users/emerson/OneDrive/git/Excel-Function-Visualizer/doc/pic/glossary-arr
ow.pdf> <C:/Users/emerson/OneDrive/git/Excel-Function-Visualizer/doc/pic/IFexpa
nd.pdf

pdfTeX warning: pdflatex.exe (file C:/Users/emerson/OneDrive/git/Excel-Function
-Visualizer/doc/pic/IFexpand.pdf): PDF inclusion: invalid other resource which 
is no dict (key 'ProcSets', type <array>); ignored.
>]

pdfTeX warning: pdflatex.exe (file C:/Users/emerson/OneDrive/git/Excel-Function
-Visualizer/doc/pic/glossary-green.pdf): PDF inclusion: found PDF version <1.6>
, but at most version <1.5> allowed
<pic/glossary-green.pdf, id=86, 16.50667pt x 4.59818pt>
File: pic/glossary-green.pdf Graphic file (type pdf)

<use pic/glossary-green.pdf>
Package pdftex.def Info: pic/glossary-green.pdf used on input line 363.
(pdftex.def)             Requested size: 16.5066pt x 4.59814pt.


pdfTeX warning: pdflatex.exe (file C:/Users/emerson/OneDrive/git/Excel-Function
-Visualizer/doc/pic/glossary-leaf.pdf): PDF inclusion: found PDF version <1.6>,
 but at most version <1.5> allowed
<pic/glossary-leaf.pdf, id=87, 24.1171pt x 6.54245pt>
File: pic/glossary-leaf.pdf Graphic file (type pdf)

<use pic/glossary-leaf.pdf>
Package pdftex.def Info: pic/glossary-leaf.pdf used on input line 370.
(pdftex.def)             Requested size: 24.11702pt x 6.54242pt.
File: pic/glossary-blue.pdf Graphic file (type pdf)
 <use pic/glossary-blue.pdf>
Package pdftex.def Info: pic/glossary-blue.pdf used on input line 377.
(pdftex.def)             Requested size: 9.2746pt x 9.25352pt.


pdfTeX warning: pdflatex.exe (file C:/Users/emerson/OneDrive/git/Excel-Function
-Visualizer/doc/pic/glossary-solidline.pdf): PDF inclusion: found PDF version <
1.6>, but at most version <1.5> allowed
<pic/glossary-solidline.pdf, id=88, 35.00177pt x 14.71698pt>
File: pic/glossary-solidline.pdf Graphic file (type pdf)

<use pic/glossary-solidline.pdf>
Package pdftex.def Info: pic/glossary-solidline.pdf used on input line 383.
(pdftex.def)             Requested size: 35.00166pt x 14.71693pt.


pdfTeX warning: pdflatex.exe (file C:/Users/emerson/OneDrive/git/Excel-Function
-Visualizer/doc/pic/glossary-fadingline.pdf): PDF inclusion: found PDF version 
<1.6>, but at most version <1.5> allowed
<pic/glossary-fadingline.pdf, id=89, 53.0532pt x 11.98979pt>
File: pic/glossary-fadingline.pdf Graphic file (type pdf)

<use pic/glossary-fadingline.pdf>
Package pdftex.def Info: pic/glossary-fadingline.pdf used on input line 387.
(pdftex.def)             Requested size: 53.05305pt x 11.98975pt.
File: pic/glossary-arrow.pdf Graphic file (type pdf)
 <use pic/glossary-arrow.pdf>
Package pdftex.def Info: pic/glossary-arrow.pdf used on input line 392.
(pdftex.def)             Requested size: 7.5562pt x 7.33638pt.


pdfTeX warning: pdflatex.exe (file C:/Users/emerson/OneDrive/git/Excel-Function
-Visualizer/doc/pic/glossary-lightblue.pdf): PDF inclusion: found PDF version <
1.6>, but at most version <1.5> allowed
<pic/glossary-lightblue.pdf, id=90, 9.16725pt x 18.41881pt>
File: pic/glossary-lightblue.pdf Graphic file (type pdf)

<use pic/glossary-lightblue.pdf>
Package pdftex.def Info: pic/glossary-lightblue.pdf used on input line 397.
(pdftex.def)             Requested size: 6.87541pt x 13.81406pt.

<pic/comparison1.pdf, id=91, 66.90495pt x 38.544pt>
File: pic/comparison1.pdf Graphic file (type pdf)
 <use pic/comparison1.pdf>
Package pdftex.def Info: pic/comparison1.pdf used on input line 411.
(pdftex.def)             Requested size: 100.79846pt x 58.07521pt.

<pic/comparison2.pdf, id=92, 66.46632pt x 38.43459pt>
File: pic/comparison2.pdf Graphic file (type pdf)

<use pic/comparison2.pdf>
Package pdftex.def Info: pic/comparison2.pdf used on input line 415.
(pdftex.def)             Requested size: 100.79846pt x 58.29155pt.

<pic/comparison-ss.pdf, id=93, 241.85838pt x 72.29309pt>
File: pic/comparison-ss.pdf Graphic file (type pdf)

<use pic/comparison-ss.pdf>
Package pdftex.def Info: pic/comparison-ss.pdf used on input line 417.
(pdftex.def)             Requested size: 241.85777pt x 72.29291pt.

Underfull \vbox (badness 10000) has occurred while \output is active []

 [4 <C:/Users/emerson/OneDrive/git/Excel-Function-Visualizer/doc/pic/IFargslabe
l.pdf> <C:/Users/emerson/OneDrive/git/Excel-Function-Visualizer/doc/pic/glossar
y-green.pdf> <C:/Users/emerson/OneDrive/git/Excel-Function-Visualizer/doc/pic/g
lossary-leaf.pdf> <C:/Users/emerson/OneDrive/git/Excel-Function-Visualizer/doc/
pic/glossary-solidline.pdf> <C:/Users/emerson/OneDrive/git/Excel-Function-Visua
lizer/doc/pic/glossary-fadingline.pdf> <C:/Users/emerson/OneDrive/git/Excel-Fun
ction-Visualizer/doc/pic/glossary-lightblue.pdf>]
Underfull \hbox (badness 10000) in paragraph at lines 436--439
[]\OT1/ptm/m/n/10 A demon-stra-tion of Perquimans can be found at
 []


Underfull \hbox (badness 10000) in paragraph at lines 436--439
\OT1/ptm/m/n/10 https://github.com/DeveloperLiberationFront/Excel-Function-
 []

[5 <C:/Users/emerson/OneDrive/git/Excel-Function-Visualizer/doc/pic/comparison1
.pdf

pdfTeX warning: pdflatex.exe (file C:/Users/emerson/OneDrive/git/Excel-Function
-Visualizer/doc/pic/comparison1.pdf): PDF inclusion: invalid other resource whi
ch is no dict (key 'ProcSets', type <array>); ignored.
> <C:/Users/emerson/OneDrive/git/Excel-Function-Visualizer/doc/pic/comparison2.
pdf

pdfTeX warning: pdflatex.exe (file C:/Users/emerson/OneDrive/git/Excel-Function
-Visualizer/doc/pic/comparison2.pdf): PDF inclusion: invalid other resource whi
ch is no dict (key 'ProcSets', type <array>); ignored.
> <C:/Users/emerson/OneDrive/git/Excel-Function-Visualizer/doc/pic/comparison-s
s.pdf>] <pic/longsum.pdf, id=211, 489.39438pt x 102.19379pt>
File: pic/longsum.pdf Graphic file (type pdf)

<use pic/longsum.pdf>
Package pdftex.def Info: pic/longsum.pdf used on input line 529.
(pdftex.def)             Requested size: 516.0pt x 107.7526pt.

Underfull \hbox (badness 10000) in paragraph at lines 589--589
[][][][]\OT1/ptm/m/n/8 https://support.office.com/en-us/article/LOOKUP-function
-446d94af-
 []

<pic/lookupexample.png, id=212, 1307.63531pt x 445.665pt>
File: pic/lookupexample.png Graphic file (type png)

<use pic/lookupexample.png>
Package pdftex.def Info: pic/lookupexample.png used on input line 592.
(pdftex.def)             Requested size: 258.0pt x 87.92776pt.

Overfull \hbox (6.0pt too wide) in paragraph at lines 592--593
 [][][] 
 []

[6 <C:/Users/emerson/OneDrive/git/Excel-Function-Visualizer/doc/pic/lookupexamp
le.png>] <pic/lookup-2.pdf, id=217, 144.86823pt x 31.04297pt>
File: pic/lookup-2.pdf Graphic file (type pdf)

<use pic/lookup-2.pdf>
Package pdftex.def Info: pic/lookup-2.pdf used on input line 626.
(pdftex.def)             Requested size: 258.0pt x 55.29417pt.
 <pic/lookup-3.pdf, id=218, 150.64178pt x 99.16548pt>
File: pic/lookup-3.pdf Graphic file (type pdf)

<use pic/lookup-3.pdf>
Package pdftex.def Info: pic/lookup-3.pdf used on input line 627.
(pdftex.def)             Requested size: 258.0pt x 169.85614pt.

Overfull \hbox (6.0pt too wide) in paragraph at lines 626--628
 [][][] 
 []


Overfull \hbox (6.0pt too wide) in paragraph at lines 626--628
 [] 
 []

<pic/vlookup.pdf, id=219, 132.71382pt x 42.86916pt>
File: pic/vlookup.pdf Graphic file (type pdf)
 <use pic/vlookup.pdf>
Package pdftex.def Info: pic/vlookup.pdf used on input line 642.
(pdftex.def)             Requested size: 258.0pt x 83.3551pt.

<pic/hlookup.pdf, id=220, 148.13443pt x 39.71838pt>
File: pic/hlookup.pdf Graphic file (type pdf)
 <use pic/hlookup.pdf>
Package pdftex.def Info: pic/hlookup.pdf used on input line 643.
(pdftex.def)             Requested size: 258.0pt x 69.17969pt.

Overfull \hbox (6.0pt too wide) in paragraph at lines 642--644
 [][][] 
 []


Overfull \hbox (6.0pt too wide) in paragraph at lines 642--644
 [] 
 []

[7 <C:/Users/emerson/OneDrive/git/Excel-Function-Visualizer/doc/pic/lookup-2.pd
f

pdfTeX warning: pdflatex.exe (file C:/Users/emerson/OneDrive/git/Excel-Function
-Visualizer/doc/pic/lookup-2.pdf): PDF inclusion: invalid other resource which 
is no dict (key 'ProcSets', type <array>); ignored.
> <C:/Users/emerson/OneDrive/git/Excel-Function-Visualizer/doc/pic/lookup-3.pdf


pdfTeX warning: pdflatex.exe (file C:/Users/emerson/OneDrive/git/Excel-Function
-Visualizer/doc/pic/lookup-3.pdf): PDF inclusion: invalid other resource which 
is no dict (key 'ProcSets', type <array>); ignored.
> <C:/Users/emerson/OneDrive/git/Excel-Function-Visualizer/doc/pic/vlookup.pdf

pdfTeX warning: pdflatex.exe (file C:/Users/emerson/OneDrive/git/Excel-Function
-Visualizer/doc/pic/vlookup.pdf): PDF inclusion: invalid other resource which i
s no dict (key 'ProcSets', type <array>); ignored.
> <C:/Users/emerson/OneDrive/git/Excel-Function-Visualizer/doc/pic/hlookup.pdf

pdfTeX warning: pdflatex.exe (file C:/Users/emerson/OneDrive/git/Excel-Function
-Visualizer/doc/pic/hlookup.pdf): PDF inclusion: invalid other resource which i
s no dict (key 'ProcSets', type <array>); ignored.
>] <pic/SUM.pdf, id=305, 56.39569pt x 194.16841pt>
File: pic/SUM.pdf Graphic file (type pdf)
 <use pic/SUM.pdf>
Package pdftex.def Info: pic/SUM.pdf used on input line 688.
(pdftex.def)             Requested size: 103.19843pt x 355.3395pt.

Underfull \hbox (badness 2865) in paragraph at lines 692--704
\OT1/ptm/m/n/10 low up with re-peat of-
 []


Underfull \hbox (badness 1728) in paragraph at lines 692--704
\OT1/ptm/m/n/10 af-ter open-ing the source
 []


Underfull \hbox (badness 2293) in paragraph at lines 692--704
\OT1/ptm/m/n/10 popped up again as P2
 []


Underfull \hbox (badness 2486) in paragraph at lines 692--704
\OT1/ptm/m/n/10 re-ly-ing on sev-eral hard-
 []


Underfull \hbox (badness 2573) in paragraph at lines 692--704
\OT1/ptm/m/n/10 to the au-thor per-son-ally
 []


Underfull \hbox (badness 1622) in paragraph at lines 692--704
\OT1/ptm/m/n/10 pre-vent more in the fu-
 []


Underfull \hbox (badness 1975) in paragraph at lines 692--704
\OT1/ptm/m/n/10 con-cern that aligns with
 []

[8 <C:/Users/emerson/OneDrive/git/Excel-Function-Visualizer/doc/pic/SUM.pdf

pdfTeX warning: pdflatex.exe (file C:/Users/emerson/OneDrive/git/Excel-Function
-Visualizer/doc/pic/SUM.pdf): PDF inclusion: invalid other resource which is no
 dict (key 'ProcSets', type <array>); ignored.
>] <pic/index.pdf, id=329, 124.00829pt x 77.52664pt>
File: pic/index.pdf Graphic file (type pdf)
 <use pic/index.pdf>
Package pdftex.def Info: pic/index.pdf used on input line 846.
(pdftex.def)             Requested size: 206.39685pt x 129.04193pt.

[9 <C:/Users/emerson/OneDrive/git/Excel-Function-Visualizer/doc/pic/index.pdf

pdfTeX warning: pdflatex.exe (file C:/Users/emerson/OneDrive/git/Excel-Function
-Visualizer/doc/pic/index.pdf): PDF inclusion: invalid other resource which is 
no dict (key 'ProcSets', type <array>); ignored.
>] (C:\Users\emerson\OneDrive\git\Excel-Function-Visualizer\doc\paper.bbl)

** Conference Paper **
Before submitting the final camera ready copy, remember to:

 1. Manually equalize the lengths of two columns on the last page
 of your paper;

 2. Ensure that any PostScript and/or PDF output post-processing
 uses only Type 1 fonts and that every step in the generation
 process uses the appropriate paper size.

[10] [11 <C:/Users/emerson/OneDrive/git/Excel-Function-Visualizer/doc/pic/longs
um.pdf

pdfTeX warning: pdflatex.exe (file C:/Users/emerson/OneDrive/git/Excel-Function
-Visualizer/doc/pic/longsum.pdf): PDF inclusion: invalid other resource which i
s no dict (key 'ProcSets', type <array>); ignored.
>] (C:\Users\emerson\OneDrive\git\Excel-Function-Visualizer\doc\paper.aux) ) 
Here is how much of TeX's memory you used:
 2892 strings out of 493921
 46838 string characters out of 3144871
 100733 words of memory out of 3000000
 6164 multiletter control sequences out of 15000+200000
 39736 words of font info for 73 fonts, out of 3000000 for 9000
 841 hyphenation exceptions out of 8191
 27i,8n,24p,1019b,284s stack positions out of 5000i,500n,10000p,200000b,50000s
{C:
/Program Files (x86)/MiKTeX 2.9/fonts/enc/dvips/fontname/8r.enc}<C:/Program Fil
es (x86)/MiKTeX 2.9/fonts/type1/public/amsfonts/cm/cmsy10.pfb><C:/Program Files
 (x86)/MiKTeX 2.9/fonts/type1/public/amsfonts/cm/cmsy7.pfb><C:/Program Files (x
86)/MiKTeX 2.9/fonts/type1/urw/times/utmb8a.pfb><C:/Program Files (x86)/MiKTeX 
2.9/fonts/type1/urw/times/utmbi8a.pfb><C:/Program Files (x86)/MiKTeX 2.9/fonts/
type1/urw/times/utmr8a.pfb><C:/Program Files (x86)/MiKTeX 2.9/fonts/type1/urw/t
imes/utmri8a.pfb>
Output written on paper.pdf (11 pages, 1262570 bytes).
PDF statistics:
 400 PDF objects out of 1000 (max. 8388607)
 0 named destinations out of 1000 (max. 500000)
 116 words of extra memory for PDF output out of 10000 (max. 10000000)

